<?xml version="1.0" encoding="UTF-8"?>
<!-- Generated by org.testng.reporters.JUnitReportReporter -->
<testsuite hostname="DESKTOP-PMUMHME" failures="0" tests="1" name="com.group4.ictak.website.testScripts.Test_Login" time="1.832" errors="0" timestamp="2022-11-08T19:10:30 IST" skipped="0">
  <testcase classname="com.group4.ictak.website.testScripts.Test_Login" name="verifyLogin" time="1.832"/>
  <system-out/>
</testsuite> <!-- com.group4.ictak.website.testScripts.Test_Login -->
